#
# A fatal error has been detected by the Java Runtime Environment:
#
#  EXCEPTION_ACCESS_VIOLATION (0xc0000005) at pc=0x00007ff9711388a6, pid=3164, tid=6104
#
# JRE version: OpenJDK Runtime Environment (11.0.15) (build 11.0.15+0-b2043.56-9505619)
# Java VM: OpenJDK 64-Bit Server VM (11.0.15+0-b2043.56-9505619, mixed mode, tiered, compressed oops, g1 gc, windows-amd64)
# Problematic frame:
# V  [jvm.dll+0x1a88a6]
#
# No core dump will be written. Minidumps are not enabled by default on client versions of Windows
#
# If you would like to submit a bug report, please visit:
#   https://bugreport.java.com/bugreport/crash.jsp
#

---------------  S U M M A R Y ------------

Command Line: --add-opens=java.base/java.util=ALL-UNNAMED --add-opens=java.base/java.lang=ALL-UNNAMED --add-opens=java.base/java.lang.invoke=ALL-UNNAMED --add-opens=java.base/java.util=ALL-UNNAMED --add-opens=java.prefs/java.util.prefs=ALL-UNNAMED --add-opens=java.prefs/java.util.prefs=ALL-UNNAMED --add-opens=java.base/java.nio.charset=ALL-UNNAMED --add-opens=java.base/java.net=ALL-UNNAMED --add-opens=java.base/java.util.concurrent.atomic=ALL-UNNAMED -Xmx2048m -Dfile.encoding=UTF-8 -Duser.country=US -Duser.language=en -Duser.variant org.gradle.launcher.daemon.bootstrap.GradleDaemon 7.5

Host: AMD A4-9125 RADEON R3, 4 COMPUTE CORES 2C+2G   , 2 cores, 7G,  Windows 10 , 64 bit Build 19041 (10.0.19041.3393)
Time: Mon Oct  9 22:53:40 2023 SE Asia Standard Time elapsed time: 8376.972354 seconds (0d 2h 19m 36s)

---------------  T H R E A D  ---------------

Current thread (0x0000017ef43e3000):  ConcurrentGCThread "G1 Conc#0" [stack: 0x0000001940a00000,0x0000001940b00000] [id=6104]

Stack: [0x0000001940a00000,0x0000001940b00000],  sp=0x0000001940aff408,  free space=1021k
Native frames: (J=compiled Java code, j=interpreted, Vv=VM code, C=native code)
V  [jvm.dll+0x1a88a6]


siginfo: EXCEPTION_ACCESS_VIOLATION (0xc0000005), reading address 0x0000000001000018


Register to memory mapping:

RIP=0x00007ff9711388a6 jvm.dll
RAX=0x0002001100004800 is an unknown value
RBX=0x0002001100004800 is an unknown value
RCX=
[error occurred during error reporting (printing register info), id 0xc0000005, EXCEPTION_ACCESS_VIOLATION (0xc0000005) at pc=0x00007ff9711388a6]

Registers:
RAX=0x0002001100004800, RBX=0x0002001100004800, RCX=0x0000000087a7fb40, RDX=0x0000000087a7fb40
RSP=0x0000001940aff408, RBP=0x0000000000000000, RSI=0x0000010000000001, RDI=0x0000000087a7fb40
R8 =0x0002001100004800, R9 =0x0000000001000010, R10=0x0000017e92ca9ac0, R11=0x346dc5d63886594b
R12=0x0000000000000000, R13=0x0000000000000000, R14=0x0000017ef88a9fe8, R15=0x0000017ef43d89f0
RIP=0x00007ff9711388a6, EFLAGS=0x0000000000010202

Top of Stack: (sp=0x0000001940aff408)
0x0000001940aff408:   00007ff97129055d 00000000838cfee8
0x0000001940aff418:   00007ff971290342 0000017ef43c0fa0
0x0000001940aff428:   0000000100001a68 0000000087a7fb20
0x0000001940aff438:   0000017ef43c10e0 0000000087a7fb40
0x0000001940aff448:   00007ff971290342 0000017ef43c0fa0
0x0000001940aff458:   00000001004fa0b0 00000001004fa0b8
0x0000001940aff468:   0000001940aff5f0 0000000087a7fb3c
0x0000001940aff478:   00007ff971287c6d 00000001004f9e58
0x0000001940aff488:   0000000087a7fb38 0000000100001808
0x0000001940aff498:   0000000000000003 0000017ef43e3301
0x0000001940aff4a8:   0000017ef43d8a08 0000000087a7fb20
0x0000001940aff4b8:   00007ff971287811 00000001004f9e58
0x0000001940aff4c8:   0000000000000004 0000001940aff5f0
0x0000001940aff4d8:   0000000087a7f878 0000017ef43c0fa0
0x0000001940aff4e8:   00007ff97129be0e 0000000087a7fb20
0x0000001940aff4f8:   0000001940aff5b0 0000001940aff5b0 

Instructions: (pc=0x00007ff9711388a6)
0x00007ff9711387a6:   eb 04 48 8b 43 08 81 78 08 00 00 00 c0 0f 83 81
0x00007ff9711387b6:   00 00 00 48 8b 4f 38 48 8b d3 48 8b 01 ff 50 20
0x00007ff9711387c6:   84 c0 75 70 38 05 d1 e7 93 00 74 15 8b 53 08 8b
0x00007ff9711387d6:   0d 7d 2f 8f 00 48 d3 e2 48 03 15 6b 2f 8f 00 eb
0x00007ff9711387e6:   04 48 8b 53 08 48 8b cb 48 89 5c 24 20 e8 a8 00
0x00007ff9711387f6:   00 00 80 7f 30 00 48 63 c8 48 89 4c 24 28 74 1c
0x00007ff971138806:   0f 10 44 24 20 0f 11 86 98 03 00 00 48 8b 5c 24
0x00007ff971138816:   40 48 8b 74 24 48 48 83 c4 30 5f c3 48 8b 07 48
0x00007ff971138826:   8d 54 24 20 48 89 4c 24 28 48 8b cf 48 89 5c 24
0x00007ff971138836:   20 ff 50 38 48 8b 5c 24 40 48 8b 74 24 48 48 83
0x00007ff971138846:   c4 30 5f c3 cc cc cc cc cc cc 48 8b 49 38 48 8b
0x00007ff971138856:   01 48 ff 60 28 cc cc cc cc cc 80 3d 3a e7 93 00
0x00007ff971138866:   00 48 8b c1 74 1b 8b 51 08 8b 0d e3 2e 8f 00 48
0x00007ff971138876:   d3 e2 48 8b c8 48 03 15 ce 2e 8f 00 e9 19 00 00
0x00007ff971138886:   00 48 8b 51 08 48 8b c8 e9 0d 00 00 00 cc cc cc
0x00007ff971138896:   cc cc cc cc cc cc cc cc cc cc 4c 8b ca 48 8b d1
0x00007ff9711388a6:   45 8b 41 08 45 85 c0 7e 0e 41 f6 c0 01 75 56 41
0x00007ff9711388b6:   c1 f8 03 41 8b c0 c3 79 4c 80 3d db e6 93 00 00
0x00007ff9711388c6:   b8 0c 00 00 00 b9 10 00 00 00 0f 45 c8 8b 05 9b
0x00007ff9711388d6:   5e 8d 00 ff c8 4c 63 c8 48 63 14 11 41 8b c8 83
0x00007ff9711388e6:   e1 3f 48 d3 e2 41 8b c8 48 c1 f9 10 0f b6 c1 49
0x00007ff9711388f6:   8d 0c 11 49 f7 d1 48 03 c1 49 c1 e9 03 48 c1 e8
0x00007ff971138906:   03 41 23 c1 c3 49 8b 01 49 8b c9 48 ff a0 10 01
0x00007ff971138916:   00 00 cc cc cc cc cc cc cc cc 48 8b c2 c3 cc cc
0x00007ff971138926:   cc cc cc cc cc cc cc cc cc cc 48 83 ec 38 48 8b
0x00007ff971138936:   c1 48 8b 49 38 80 79 08 00 74 05 90 48 8b 48 38
0x00007ff971138946:   0f 10 02 48 8d 54 24 20 0f 29 44 24 20 e8 28 f0
0x00007ff971138956:   ff ff 48 83 c4 38 c3 cc cc cc 48 83 ec 38 0f 10
0x00007ff971138966:   02 48 8b 01 48 8d 54 24 20 0f 29 44 24 20 ff 50
0x00007ff971138976:   38 48 83 c4 38 c3 cc cc cc cc 48 89 5c 24 08 55
0x00007ff971138986:   56 57 41 54 41 55 41 56 41 57 48 8d 6c 24 e0 48
0x00007ff971138996:   81 ec 20 01 00 00 48 8b 05 85 b6 90 00 48 33 c4 


Stack slot to memory mapping:
stack at sp + 0 slots: 0x00007ff97129055d jvm.dll
stack at sp + 1 slots: 0x00000000838cfee8 is an oop: [B 
{0x00000000838cfee8} - klass: {type array byte}
 - length: 11
stack at sp + 2 slots: 0x00007ff971290342 jvm.dll
stack at sp + 3 slots: 0x0000017ef43c0fa0 points into unknown readable memory: 0x00007ff97186bc60 | 60 bc 86 71 f9 7f 00 00
stack at sp + 4 slots: 0x0000000100001a68 is pointing into metadata
stack at sp + 5 slots: 0x0000000087a7fb20 is an oop: org.codehaus.groovy.reflection.CachedField 
{0x0000000087a7fb20} - klass: 'org/codehaus/groovy/reflection/CachedField'
stack at sp + 6 slots: 0x0000017ef43c10e0 points into unknown readable memory: 0x00007ff9718b1ba0 | a0 1b 8b 71 f9 7f 00 00
stack at sp + 7 slots: 
[error occurred during error reporting (inspecting top of stack), id 0xc0000005, EXCEPTION_ACCESS_VIOLATION (0xc0000005) at pc=0x00007ff9711388a6]


---------------  P R O C E S S  ---------------

Threads class SMR info:
_java_thread_list=0x0000017e9991ce70, length=64, elements={
0x0000017ef4396800, 0x0000017efeacd000, 0x0000017efeace000, 0x0000017efeae5800,
0x0000017efeae6000, 0x0000017efeae7000, 0x0000017efeaed000, 0x0000017eff498000,
0x0000017eff49b800, 0x0000017eff595000, 0x0000017e8fe53000, 0x0000017e904dd000,
0x0000017e902e6000, 0x0000017e8f82a000, 0x0000017e8f82e000, 0x0000017e8f828800,
0x0000017e8f82a800, 0x0000017e8f82f000, 0x0000017e8f82b800, 0x0000017e90d65000,
0x0000017e90d60000, 0x0000017e90d62800, 0x0000017e909c3800, 0x0000017e909ce000,
0x0000017e909cb800, 0x0000017e9638b800, 0x0000017e90d5f800, 0x0000017e909c9000,
0x0000017e909c7800, 0x0000017e909c4000, 0x0000017e909ca800, 0x0000017e909c8000,
0x0000017e909c5000, 0x0000017e909c5800, 0x0000017e909c6800, 0x0000017e909ce800,
0x0000017e909d1000, 0x0000017e909cf800, 0x0000017e909d2000, 0x0000017e909cd000,
0x0000017e96caf800, 0x0000017e96cb0000, 0x0000017e96cb2000, 0x0000017e96cb1000,
0x0000017e96cac000, 0x0000017e96cb2800, 0x0000017e96cad000, 0x0000017e96cad800,
0x0000017e96cae800, 0x0000017e96cb5000, 0x0000017e96cb8800, 0x0000017e96cb6800,
0x0000017e96cb9000, 0x0000017e96cb6000, 0x0000017e96cb7800, 0x0000017e96cb3800,
0x0000017e96cba000, 0x0000017e96cbb000, 0x0000017e96389000, 0x0000017e9638c800,
0x0000017e9638d000, 0x0000017e9638e000, 0x0000017e96388000, 0x0000017e9638a800
}

Java Threads: ( => current thread )
  0x0000017ef4396800 JavaThread "main" [_thread_blocked, id=3764, stack(0x0000001940700000,0x0000001940800000)]
  0x0000017efeacd000 JavaThread "Reference Handler" daemon [_thread_blocked, id=7852, stack(0x0000001940e00000,0x0000001940f00000)]
  0x0000017efeace000 JavaThread "Finalizer" daemon [_thread_blocked, id=2372, stack(0x0000001940f00000,0x0000001941000000)]
  0x0000017efeae5800 JavaThread "Signal Dispatcher" daemon [_thread_blocked, id=6936, stack(0x0000001941000000,0x0000001941100000)]
  0x0000017efeae6000 JavaThread "Attach Listener" daemon [_thread_blocked, id=7160, stack(0x0000001941100000,0x0000001941200000)]
  0x0000017efeae7000 JavaThread "Service Thread" daemon [_thread_blocked, id=1780, stack(0x0000001941200000,0x0000001941300000)]
  0x0000017efeaed000 JavaThread "C2 CompilerThread0" daemon [_thread_in_native, id=6056, stack(0x0000001941300000,0x0000001941400000)]
  0x0000017eff498000 JavaThread "C1 CompilerThread0" daemon [_thread_blocked, id=8336, stack(0x0000001941400000,0x0000001941500000)]
  0x0000017eff49b800 JavaThread "Sweeper thread" daemon [_thread_blocked, id=8308, stack(0x0000001941500000,0x0000001941600000)]
  0x0000017eff595000 JavaThread "Common-Cleaner" daemon [_thread_blocked, id=8256, stack(0x0000001941600000,0x0000001941700000)]
  0x0000017e8fe53000 JavaThread "Daemon health stats" [_thread_blocked, id=4928, stack(0x0000001941900000,0x0000001941a00000)]
  0x0000017e904dd000 JavaThread "Incoming local TCP Connector on port 49965" [_thread_in_native, id=1160, stack(0x0000001941b00000,0x0000001941c00000)]
  0x0000017e902e6000 JavaThread "Daemon periodic checks" [_thread_blocked, id=2880, stack(0x0000001941c00000,0x0000001941d00000)]
  0x0000017e8f82a000 JavaThread "Cache worker for journal cache (C:\Users\GABRIEL VICERAIRA\.gradle\caches\journal-1)" [_thread_blocked, id=7988, stack(0x0000001942400000,0x0000001942500000)]
  0x0000017e8f82e000 JavaThread "File lock request listener" [_thread_in_native, id=4088, stack(0x0000001942500000,0x0000001942600000)]
  0x0000017e8f828800 JavaThread "Cache worker for file hash cache (C:\Users\GABRIEL VICERAIRA\.gradle\caches\7.5\fileHashes)" [_thread_blocked, id=3188, stack(0x0000001942600000,0x0000001942700000)]
  0x0000017e8f82a800 JavaThread "File watcher server" daemon [_thread_in_native, id=8416, stack(0x0000001942700000,0x0000001942800000)]
  0x0000017e8f82f000 JavaThread "File watcher consumer" daemon [_thread_blocked, id=4108, stack(0x0000001942800000,0x0000001942900000)]
  0x0000017e8f82b800 JavaThread "Cache worker for file content cache (C:\Users\GABRIEL VICERAIRA\.gradle\caches\7.5\fileContent)" [_thread_blocked, id=6912, stack(0x0000001942b00000,0x0000001942c00000)]
  0x0000017e90d65000 JavaThread "Cache worker for execution history cache (C:\Users\GABRIEL VICERAIRA\.gradle\caches\7.5\executionHistory)" [_thread_blocked, id=3880, stack(0x0000001942e00000,0x0000001942f00000)]
  0x0000017e90d60000 JavaThread "jar transforms" [_thread_blocked, id=9148, stack(0x0000001942f00000,0x0000001943000000)]
  0x0000017e90d62800 JavaThread "jar transforms Thread 2" [_thread_blocked, id=1948, stack(0x0000001943000000,0x0000001943100000)]
  0x0000017e909c3800 JavaThread "Memory manager" [_thread_blocked, id=3448, stack(0x0000001944700000,0x0000001944800000)]
  0x0000017e909ce000 JavaThread "RMI Scheduler(0)" daemon [_thread_blocked, id=2412, stack(0x0000001944a00000,0x0000001944b00000)]
  0x0000017e909cb800 JavaThread "RMI TCP Accept-0" daemon [_thread_in_native, id=4924, stack(0x0000001945200000,0x0000001945300000)]
  0x0000017e9638b800 JavaThread "Cache worker for Java compile cache (C:\Users\GABRIEL VICERAIRA\.gradle\caches\7.5\javaCompile)" [_thread_blocked, id=5896, stack(0x0000001945500000,0x0000001945600000)]
  0x0000017e90d5f800 JavaThread "ForkJoinPool.commonPool-worker-3" daemon [_thread_blocked, id=8040, stack(0x0000001944d00000,0x0000001944e00000)]
  0x0000017e909c9000 JavaThread "RMI GC Daemon" daemon [_thread_blocked, id=5260, stack(0x0000001945100000,0x0000001945200000)]
  0x0000017e909c7800 JavaThread "RMI Reaper" [_thread_blocked, id=9864, stack(0x0000001945300000,0x0000001945400000)]
  0x0000017e909c4000 JavaThread "RMI TCP Connection(idle)" daemon [_thread_blocked, id=11120, stack(0x0000001940500000,0x0000001940600000)]
  0x0000017e909ca800 JavaThread "Daemon Thread 7" [_thread_blocked, id=9852, stack(0x0000001940600000,0x0000001940700000)]
  0x0000017e909c8000 JavaThread "Handler for socket connection from /127.0.0.1:49965 to /127.0.0.1:7778" [_thread_in_native, id=9236, stack(0x0000001941d00000,0x0000001941e00000)]
  0x0000017e909c5000 JavaThread "Cancel handler" [_thread_blocked, id=3076, stack(0x0000001941e00000,0x0000001941f00000)]
  0x0000017e909c5800 JavaThread "Daemon worker Thread 7" [_thread_in_Java, id=10512, stack(0x0000001941f00000,0x0000001942000000)]
  0x0000017e909c6800 JavaThread "Asynchronous log dispatcher for DefaultDaemonConnection: socket connection from /127.0.0.1:49965 to /127.0.0.1:7778" [_thread_blocked, id=9740, stack(0x0000001942000000,0x0000001942100000)]
  0x0000017e909ce800 JavaThread "Stdin handler" [_thread_blocked, id=604, stack(0x0000001942100000,0x0000001942200000)]
  0x0000017e909d1000 JavaThread "Daemon client event forwarder" [_thread_blocked, id=2968, stack(0x0000001942200000,0x0000001942300000)]
  0x0000017e909cf800 JavaThread "Cache worker for checksums cache (C:\Users\GABRIEL VICERAIRA\AndroidStudioProjects\DicodingStoryApp\.gradle\7.5\checksums)" [_thread_blocked, id=3004, stack(0x0000001942300000,0x0000001942400000)]
  0x0000017e909d2000 JavaThread "Cache worker for cache directory md-rule (C:\Users\GABRIEL VICERAIRA\.gradle\caches\7.5\md-rule)" [_thread_blocked, id=1340, stack(0x0000001942900000,0x0000001942a00000)]
  0x0000017e909cd000 JavaThread "Cache worker for file hash cache (C:\Users\GABRIEL VICERAIRA\AndroidStudioProjects\DicodingStoryApp\.gradle\7.5\fileHashes)" [_thread_blocked, id=10188, stack(0x0000001942a00000,0x0000001942b00000)]
  0x0000017e96caf800 JavaThread "Cache worker for cache directory md-supplier (C:\Users\GABRIEL VICERAIRA\.gradle\caches\7.5\md-supplier)" [_thread_blocked, id=8868, stack(0x0000001942c00000,0x0000001942d00000)]
  0x0000017e96cb0000 JavaThread "Cache worker for dependencies-accessors (C:\Users\GABRIEL VICERAIRA\AndroidStudioProjects\DicodingStoryApp\.gradle\7.5\dependencies-accessors)" [_thread_blocked, id=11108, stack(0x0000001942d00000,0x0000001942e00000)]
  0x0000017e96cb2000 JavaThread "Cache worker for Build Output Cleanup Cache (C:\Users\GABRIEL VICERAIRA\AndroidStudioProjects\DicodingStoryApp\.gradle\buildOutputCleanup)" [_thread_blocked, id=3196, stack(0x0000001943100000,0x0000001943200000)]
  0x0000017e96cb1000 JavaThread "Unconstrained build operations" [_thread_blocked, id=1308, stack(0x0000001943200000,0x0000001943300000)]
  0x0000017e96cac000 JavaThread "Unconstrained build operations Thread 2" [_thread_blocked, id=8564, stack(0x0000001943300000,0x0000001943400000)]
  0x0000017e96cb2800 JavaThread "Unconstrained build operations Thread 3" [_thread_blocked, id=10708, stack(0x0000001943400000,0x0000001943500000)]
  0x0000017e96cad000 JavaThread "Unconstrained build operations Thread 4" [_thread_blocked, id=9920, stack(0x0000001943500000,0x0000001943600000)]
  0x0000017e96cad800 JavaThread "Unconstrained build operations Thread 5" [_thread_blocked, id=10880, stack(0x0000001943600000,0x0000001943700000)]
  0x0000017e96cae800 JavaThread "Unconstrained build operations Thread 6" [_thread_blocked, id=3904, stack(0x0000001943700000,0x0000001943800000)]
  0x0000017e96cb5000 JavaThread "Unconstrained build operations Thread 7" [_thread_blocked, id=10660, stack(0x0000001943800000,0x0000001943900000)]
  0x0000017e96cb8800 JavaThread "Unconstrained build operations Thread 8" [_thread_blocked, id=10500, stack(0x0000001943900000,0x0000001943a00000)]
  0x0000017e96cb6800 JavaThread "Unconstrained build operations Thread 9" [_thread_blocked, id=7668, stack(0x0000001943a00000,0x0000001943b00000)]
  0x0000017e96cb9000 JavaThread "Unconstrained build operations Thread 10" [_thread_blocked, id=3544, stack(0x0000001943b00000,0x0000001943c00000)]
  0x0000017e96cb6000 JavaThread "Unconstrained build operations Thread 11" [_thread_blocked, id=7568, stack(0x0000001943c00000,0x0000001943d00000)]
  0x0000017e96cb7800 JavaThread "Unconstrained build operations Thread 12" [_thread_blocked, id=2336, stack(0x0000001943d00000,0x0000001943e00000)]
  0x0000017e96cb3800 JavaThread "Unconstrained build operations Thread 13" [_thread_blocked, id=6324, stack(0x0000001943e00000,0x0000001943f00000)]
  0x0000017e96cba000 JavaThread "Unconstrained build operations Thread 14" [_thread_blocked, id=4704, stack(0x0000001943f00000,0x0000001944000000)]
  0x0000017e96cbb000 JavaThread "Unconstrained build operations Thread 15" [_thread_blocked, id=4324, stack(0x0000001944000000,0x0000001944100000)]
  0x0000017e96389000 JavaThread "Unconstrained build operations Thread 16" [_thread_blocked, id=11220, stack(0x0000001944100000,0x0000001944200000)]
  0x0000017e9638c800 JavaThread "Unconstrained build operations Thread 17" [_thread_blocked, id=9848, stack(0x0000001944200000,0x0000001944300000)]
  0x0000017e9638d000 JavaThread "Unconstrained build operations Thread 18" [_thread_blocked, id=3144, stack(0x0000001944300000,0x0000001944400000)]
  0x0000017e9638e000 JavaThread "Unconstrained build operations Thread 19" [_thread_blocked, id=1968, stack(0x0000001944400000,0x0000001944500000)]
  0x0000017e96388000 JavaThread "Unconstrained build operations Thread 20" [_thread_blocked, id=7676, stack(0x0000001944500000,0x0000001944600000)]
  0x0000017e9638a800 JavaThread "build event listener" [_thread_blocked, id=9156, stack(0x0000001944600000,0x0000001944700000)]

Other Threads:
  0x0000017efeac7800 VMThread "VM Thread" [stack: 0x0000001940d00000,0x0000001940e00000] [id=5084]
  0x0000017eff5c2800 WatcherThread [stack: 0x0000001941700000,0x0000001941800000] [id=1196]
  0x0000017ef43ae800 GCTaskThread "GC Thread#0" [stack: 0x0000001940800000,0x0000001940900000] [id=528]
  0x0000017eff6a6000 GCTaskThread "GC Thread#1" [stack: 0x0000001941800000,0x0000001941900000] [id=6568]
  0x0000017ef43e1800 ConcurrentGCThread "G1 Main Marker" [stack: 0x0000001940900000,0x0000001940a00000] [id=5776]
=>0x0000017ef43e3000 ConcurrentGCThread "G1 Conc#0" [stack: 0x0000001940a00000,0x0000001940b00000] [id=6104]
  0x0000017ef4455800 ConcurrentGCThread "G1 Refine#0" [stack: 0x0000001940b00000,0x0000001940c00000] [id=228]
  0x0000017eff77c800 ConcurrentGCThread "G1 Refine#1" [stack: 0x0000001941a00000,0x0000001941b00000] [id=1460]
  0x0000017ef4456800 ConcurrentGCThread "G1 Young RemSet Sampling" [stack: 0x0000001940c00000,0x0000001940d00000] [id=7264]

Threads with active compile tasks:
C2 CompilerThread0  8377040 26639       4       com.google.common.reflect.TypeResolver$TypeMappingIntrospector::map (92 bytes)

VM state:not at safepoint (normal execution)

VM Mutex/Monitor currently owned by a thread: None

Heap address: 0x0000000080000000, size: 2048 MB, Compressed Oops mode: 32-bit
Narrow klass base: 0x0000000000000000, Narrow klass shift: 3
Compressed class space size: 1073741824 Address: 0x0000000100000000

Heap:
 garbage-first heap   total 189440K, used 122126K [0x0000000080000000, 0x0000000100000000)
  region size 1024K, 7 young (7168K), 3 survivors (3072K)
 Metaspace       used 142220K, capacity 146216K, committed 147504K, reserved 1177600K
  class space    used 17582K, capacity 19081K, committed 19584K, reserved 1048576K
Heap Regions: E=young(eden), S=young(survivor), O=old, HS=humongous(starts), HC=humongous(continues), CS=collection set, F=free, A=archive, TAMS=top-at-mark-start (previous, next)
|   0|0x0000000080000000, 0x0000000080100000, 0x0000000080100000|100%| O|  |TAMS 0x0000000080100000, 0x0000000080100000| Untracked 
|   1|0x0000000080100000, 0x0000000080200000, 0x0000000080200000|100%| O|  |TAMS 0x0000000080200000, 0x0000000080200000| Untracked 
|   2|0x0000000080200000, 0x0000000080300000, 0x0000000080300000|100%| O|  |TAMS 0x0000000080300000, 0x0000000080300000| Untracked 
|   3|0x0000000080300000, 0x0000000080400000, 0x0000000080400000|100%| O|  |TAMS 0x0000000080400000, 0x0000000080400000| Untracked 
|   4|0x0000000080400000, 0x0000000080500000, 0x0000000080500000|100%|HS|  |TAMS 0x0000000080500000, 0x0000000080500000| Complete 
|   5|0x0000000080500000, 0x0000000080600000, 0x0000000080600000|100%|HC|  |TAMS 0x0000000080600000, 0x0000000080600000| Complete 
|   6|0x0000000080600000, 0x0000000080700000, 0x0000000080700000|100%|HC|  |TAMS 0x0000000080700000, 0x0000000080700000| Complete 
|   7|0x0000000080700000, 0x0000000080800000, 0x0000000080800000|100%| O|  |TAMS 0x0000000080800000, 0x0000000080800000| Untracked 
|   8|0x0000000080800000, 0x0000000080900000, 0x0000000080900000|100%| O|  |TAMS 0x0000000080900000, 0x0000000080900000| Untracked 
|   9|0x0000000080900000, 0x0000000080a00000, 0x0000000080a00000|100%| O|  |TAMS 0x0000000080a00000, 0x0000000080a00000| Untracked 
|  10|0x0000000080a00000, 0x0000000080b00000, 0x0000000080b00000|100%| O|  |TAMS 0x0000000080b00000, 0x0000000080b00000| Untracked 
|  11|0x0000000080b00000, 0x0000000080b00000, 0x0000000080c00000|  0%| F|  |TAMS 0x0000000080b00000, 0x0000000080b00000| Untracked 
|  12|0x0000000080c00000, 0x0000000080d00000, 0x0000000080d00000|100%| O|  |TAMS 0x0000000080d00000, 0x0000000080d00000| Untracked 
|  13|0x0000000080d00000, 0x0000000080e00000, 0x0000000080e00000|100%| O|  |TAMS 0x0000000080e00000, 0x0000000080e00000| Untracked 
|  14|0x0000000080e00000, 0x0000000080f00000, 0x0000000080f00000|100%| O|  |TAMS 0x0000000080f00000, 0x0000000080f00000| Untracked 
|  15|0x0000000080f00000, 0x0000000081000000, 0x0000000081000000|100%| O|  |TAMS 0x0000000081000000, 0x0000000081000000| Untracked 
|  16|0x0000000081000000, 0x0000000081100000, 0x0000000081100000|100%| O|  |TAMS 0x0000000081100000, 0x0000000081100000| Untracked 
|  17|0x0000000081100000, 0x0000000081200000, 0x0000000081200000|100%| O|  |TAMS 0x0000000081200000, 0x0000000081200000| Untracked 
|  18|0x0000000081200000, 0x0000000081300000, 0x0000000081300000|100%| O|  |TAMS 0x0000000081300000, 0x0000000081300000| Untracked 
|  19|0x0000000081300000, 0x0000000081400000, 0x0000000081400000|100%| O|  |TAMS 0x0000000081400000, 0x0000000081400000| Untracked 
|  20|0x0000000081400000, 0x0000000081500000, 0x0000000081500000|100%| O|  |TAMS 0x0000000081500000, 0x0000000081500000| Untracked 
|  21|0x0000000081500000, 0x0000000081600000, 0x0000000081600000|100%| O|  |TAMS 0x0000000081600000, 0x0000000081600000| Untracked 
|  22|0x0000000081600000, 0x0000000081700000, 0x0000000081700000|100%| O|  |TAMS 0x0000000081700000, 0x0000000081700000| Untracked 
|  23|0x0000000081700000, 0x0000000081800000, 0x0000000081800000|100%| O|  |TAMS 0x0000000081800000, 0x0000000081800000| Untracked 
|  24|0x0000000081800000, 0x0000000081900000, 0x0000000081900000|100%| O|  |TAMS 0x0000000081900000, 0x0000000081900000| Untracked 
|  25|0x0000000081900000, 0x0000000081a00000, 0x0000000081a00000|100%| O|  |TAMS 0x0000000081a00000, 0x0000000081a00000| Untracked 
|  26|0x0000000081a00000, 0x0000000081b00000, 0x0000000081b00000|100%| O|  |TAMS 0x0000000081b00000, 0x0000000081b00000| Untracked 
|  27|0x0000000081b00000, 0x0000000081c00000, 0x0000000081c00000|100%|HS|  |TAMS 0x0000000081c00000, 0x0000000081c00000| Complete 
|  28|0x0000000081c00000, 0x0000000081d00000, 0x0000000081d00000|100%|HS|  |TAMS 0x0000000081d00000, 0x0000000081d00000| Complete 
|  29|0x0000000081d00000, 0x0000000081e00000, 0x0000000081e00000|100%|HC|  |TAMS 0x0000000081e00000, 0x0000000081e00000| Complete 
|  30|0x0000000081e00000, 0x0000000081f00000, 0x0000000081f00000|100%|HS|  |TAMS 0x0000000081f00000, 0x0000000081f00000| Complete 
|  31|0x0000000081f00000, 0x0000000082000000, 0x0000000082000000|100%|HS|  |TAMS 0x0000000082000000, 0x0000000082000000| Complete 
|  32|0x0000000082000000, 0x0000000082100000, 0x0000000082100000|100%|HC|  |TAMS 0x0000000082100000, 0x0000000082100000| Complete 
|  33|0x0000000082100000, 0x0000000082200000, 0x0000000082200000|100%|HC|  |TAMS 0x0000000082200000, 0x0000000082200000| Complete 
|  34|0x0000000082200000, 0x0000000082300000, 0x0000000082300000|100%|HC|  |TAMS 0x0000000082300000, 0x0000000082300000| Complete 
|  35|0x0000000082300000, 0x0000000082400000, 0x0000000082400000|100%| O|  |TAMS 0x0000000082400000, 0x0000000082400000| Untracked 
|  36|0x0000000082400000, 0x0000000082500000, 0x0000000082500000|100%| O|  |TAMS 0x0000000082500000, 0x0000000082500000| Untracked 
|  37|0x0000000082500000, 0x0000000082600000, 0x0000000082600000|100%| O|  |TAMS 0x0000000082600000, 0x0000000082600000| Untracked 
|  38|0x0000000082600000, 0x0000000082700000, 0x0000000082700000|100%| O|  |TAMS 0x0000000082700000, 0x0000000082700000| Untracked 
|  39|0x0000000082700000, 0x0000000082800000, 0x0000000082800000|100%| O|  |TAMS 0x0000000082800000, 0x0000000082800000| Untracked 
|  40|0x0000000082800000, 0x0000000082900000, 0x0000000082900000|100%| O|  |TAMS 0x0000000082900000, 0x0000000082900000| Untracked 
|  41|0x0000000082900000, 0x0000000082a00000, 0x0000000082a00000|100%| O|  |TAMS 0x0000000082a00000, 0x0000000082a00000| Untracked 
|  42|0x0000000082a00000, 0x0000000082b00000, 0x0000000082b00000|100%| O|  |TAMS 0x0000000082b00000, 0x0000000082b00000| Untracked 
|  43|0x0000000082b00000, 0x0000000082c00000, 0x0000000082c00000|100%| O|  |TAMS 0x0000000082c00000, 0x0000000082c00000| Untracked 
|  44|0x0000000082c00000, 0x0000000082d00000, 0x0000000082d00000|100%| O|  |TAMS 0x0000000082d00000, 0x0000000082d00000| Untracked 
|  45|0x0000000082d00000, 0x0000000082e00000, 0x0000000082e00000|100%| O|  |TAMS 0x0000000082e00000, 0x0000000082e00000| Untracked 
|  46|0x0000000082e00000, 0x0000000082f00000, 0x0000000082f00000|100%| O|  |TAMS 0x0000000082f00000, 0x0000000082f00000| Untracked 
|  47|0x0000000082f00000, 0x0000000083000000, 0x0000000083000000|100%| O|  |TAMS 0x0000000083000000, 0x0000000083000000| Untracked 
|  48|0x0000000083000000, 0x0000000083100000, 0x0000000083100000|100%| O|  |TAMS 0x0000000083100000, 0x0000000083100000| Untracked 
|  49|0x0000000083100000, 0x0000000083200000, 0x0000000083200000|100%| O|  |TAMS 0x0000000083200000, 0x0000000083200000| Untracked 
|  50|0x0000000083200000, 0x0000000083300000, 0x0000000083300000|100%| O|  |TAMS 0x0000000083300000, 0x0000000083300000| Untracked 
|  51|0x0000000083300000, 0x0000000083400000, 0x0000000083400000|100%| O|  |TAMS 0x0000000083400000, 0x0000000083400000| Untracked 
|  52|0x0000000083400000, 0x0000000083500000, 0x0000000083500000|100%| O|  |TAMS 0x0000000083500000, 0x0000000083500000| Untracked 
|  53|0x0000000083500000, 0x0000000083600000, 0x0000000083600000|100%| O|  |TAMS 0x0000000083600000, 0x0000000083600000| Untracked 
|  54|0x0000000083600000, 0x0000000083700000, 0x0000000083700000|100%| O|  |TAMS 0x0000000083700000, 0x0000000083700000| Untracked 
|  55|0x0000000083700000, 0x0000000083800000, 0x0000000083800000|100%| O|  |TAMS 0x0000000083800000, 0x0000000083800000| Untracked 
|  56|0x0000000083800000, 0x0000000083900000, 0x0000000083900000|100%| O|  |TAMS 0x0000000083900000, 0x0000000083900000| Untracked 
|  57|0x0000000083900000, 0x0000000083a00000, 0x0000000083a00000|100%| O|  |TAMS 0x0000000083a00000, 0x0000000083a00000| Untracked 
|  58|0x0000000083a00000, 0x0000000083b00000, 0x0000000083b00000|100%| O|  |TAMS 0x0000000083b00000, 0x0000000083b00000| Untracked 
|  59|0x0000000083b00000, 0x0000000083c00000, 0x0000000083c00000|100%| O|  |TAMS 0x0000000083c00000, 0x0000000083c00000| Untracked 
|  60|0x0000000083c00000, 0x0000000083d00000, 0x0000000083d00000|100%| O|  |TAMS 0x0000000083d00000, 0x0000000083d00000| Untracked 
|  61|0x0000000083d00000, 0x0000000083e00000, 0x0000000083e00000|100%| O|  |TAMS 0x0000000083e00000, 0x0000000083e00000| Untracked 
|  62|0x0000000083e00000, 0x0000000083f00000, 0x0000000083f00000|100%| O|  |TAMS 0x0000000083f00000, 0x0000000083f00000| Untracked 
|  63|0x0000000083f00000, 0x0000000084000000, 0x0000000084000000|100%| O|  |TAMS 0x0000000084000000, 0x0000000084000000| Untracked 
|  64|0x0000000084000000, 0x0000000084100000, 0x0000000084100000|100%| O|  |TAMS 0x0000000084100000, 0x0000000084100000| Untracked 
|  65|0x0000000084100000, 0x0000000084100000, 0x0000000084200000|  0%| F|  |TAMS 0x0000000084100000, 0x0000000084100000| Untracked 
|  66|0x0000000084200000, 0x0000000084300000, 0x0000000084300000|100%| O|  |TAMS 0x0000000084300000, 0x0000000084300000| Untracked 
|  67|0x0000000084300000, 0x0000000084400000, 0x0000000084400000|100%| O|  |TAMS 0x0000000084400000, 0x0000000084400000| Untracked 
|  68|0x0000000084400000, 0x0000000084500000, 0x0000000084500000|100%| O|  |TAMS 0x0000000084400000, 0x0000000084500000| Untracked 
|  69|0x0000000084500000, 0x0000000084600000, 0x0000000084600000|100%| O|  |TAMS 0x0000000084600000, 0x0000000084600000| Untracked 
|  70|0x0000000084600000, 0x0000000084700000, 0x0000000084700000|100%| O|  |TAMS 0x0000000084700000, 0x0000000084700000| Untracked 
|  71|0x0000000084700000, 0x0000000084800000, 0x0000000084800000|100%| O|  |TAMS 0x0000000084800000, 0x0000000084800000| Untracked 
|  72|0x0000000084800000, 0x0000000084900000, 0x0000000084900000|100%| O|  |TAMS 0x0000000084900000, 0x0000000084900000| Untracked 
|  73|0x0000000084900000, 0x0000000084a00000, 0x0000000084a00000|100%| O|  |TAMS 0x0000000084a00000, 0x0000000084a00000| Untracked 
|  74|0x0000000084a00000, 0x0000000084b00000, 0x0000000084b00000|100%| O|  |TAMS 0x0000000084b00000, 0x0000000084b00000| Untracked 
|  75|0x0000000084b00000, 0x0000000084c00000, 0x0000000084c00000|100%| O|  |TAMS 0x0000000084c00000, 0x0000000084c00000| Untracked 
|  76|0x0000000084c00000, 0x0000000084d00000, 0x0000000084d00000|100%| O|  |TAMS 0x0000000084d00000, 0x0000000084d00000| Untracked 
|  77|0x0000000084d00000, 0x0000000084e00000, 0x0000000084e00000|100%| O|  |TAMS 0x0000000084e00000, 0x0000000084e00000| Untracked 
|  78|0x0000000084e00000, 0x0000000084e25600, 0x0000000084f00000| 14%| O|  |TAMS 0x0000000084e00000, 0x0000000084e25600| Untracked 
|  79|0x0000000084f00000, 0x0000000085000000, 0x0000000085000000|100%| O|  |TAMS 0x0000000085000000, 0x0000000085000000| Untracked 
|  80|0x0000000085000000, 0x0000000085100000, 0x0000000085100000|100%| O|  |TAMS 0x0000000085100000, 0x0000000085100000| Untracked 
|  81|0x0000000085100000, 0x0000000085200000, 0x0000000085200000|100%| O|  |TAMS 0x0000000085200000, 0x0000000085200000| Untracked 
|  82|0x0000000085200000, 0x0000000085300000, 0x0000000085300000|100%| O|  |TAMS 0x0000000085300000, 0x0000000085300000| Untracked 
|  83|0x0000000085300000, 0x0000000085300000, 0x0000000085400000|  0%| F|  |TAMS 0x0000000085300000, 0x0000000085300000| Untracked 
|  84|0x0000000085400000, 0x0000000085400000, 0x0000000085500000|  0%| F|  |TAMS 0x0000000085400000, 0x0000000085400000| Untracked 
|  85|0x0000000085500000, 0x0000000085600000, 0x0000000085600000|100%| O|  |TAMS 0x0000000085600000, 0x0000000085600000| Untracked 
|  86|0x0000000085600000, 0x0000000085600000, 0x0000000085700000|  0%| F|  |TAMS 0x0000000085600000, 0x0000000085600000| Untracked 
|  87|0x0000000085700000, 0x0000000085800000, 0x0000000085800000|100%| O|  |TAMS 0x0000000085800000, 0x0000000085800000| Untracked 
|  88|0x0000000085800000, 0x0000000085900000, 0x0000000085900000|100%| O|  |TAMS 0x0000000085900000, 0x0000000085900000| Untracked 
|  89|0x0000000085900000, 0x0000000085a00000, 0x0000000085a00000|100%| O|  |TAMS 0x0000000085a00000, 0x0000000085a00000| Untracked 
|  90|0x0000000085a00000, 0x0000000085a00000, 0x0000000085b00000|  0%| F|  |TAMS 0x0000000085a00000, 0x0000000085a00000| Untracked 
|  91|0x0000000085b00000, 0x0000000085c00000, 0x0000000085c00000|100%| O|  |TAMS 0x0000000085c00000, 0x0000000085c00000| Untracked 
|  92|0x0000000085c00000, 0x0000000085d00000, 0x0000000085d00000|100%| O|  |TAMS 0x0000000085d00000, 0x0000000085d00000| Untracked 
|  93|0x0000000085d00000, 0x0000000085e00000, 0x0000000085e00000|100%| O|  |TAMS 0x0000000085e00000, 0x0000000085e00000| Untracked 
|  94|0x0000000085e00000, 0x0000000085f00000, 0x0000000085f00000|100%| O|  |TAMS 0x0000000085f00000, 0x0000000085f00000| Untracked 
|  95|0x0000000085f00000, 0x0000000086000000, 0x0000000086000000|100%| O|  |TAMS 0x0000000086000000, 0x0000000086000000| Untracked 
|  96|0x0000000086000000, 0x0000000086100000, 0x0000000086100000|100%| O|  |TAMS 0x0000000086100000, 0x0000000086100000| Untracked 
|  97|0x0000000086100000, 0x0000000086200000, 0x0000000086200000|100%| O|  |TAMS 0x0000000086200000, 0x0000000086200000| Untracked 
|  98|0x0000000086200000, 0x0000000086200000, 0x0000000086300000|  0%| F|  |TAMS 0x0000000086200000, 0x0000000086200000| Untracked 
|  99|0x0000000086300000, 0x0000000086300000, 0x0000000086400000|  0%| F|  |TAMS 0x0000000086300000, 0x0000000086300000| Untracked 
| 100|0x0000000086400000, 0x0000000086500000, 0x0000000086500000|100%| O|  |TAMS 0x0000000086500000, 0x0000000086500000| Untracked 
| 101|0x0000000086500000, 0x0000000086500000, 0x0000000086600000|  0%| F|  |TAMS 0x0000000086500000, 0x0000000086500000| Untracked 
| 102|0x0000000086600000, 0x0000000086600000, 0x0000000086700000|  0%| F|  |TAMS 0x0000000086600000, 0x0000000086600000| Untracked 
| 103|0x0000000086700000, 0x0000000086700000, 0x0000000086800000|  0%| F|  |TAMS 0x0000000086700000, 0x0000000086700000| Untracked 
| 104|0x0000000086800000, 0x0000000086900000, 0x0000000086900000|100%| O|  |TAMS 0x0000000086900000, 0x0000000086900000| Untracked 
| 105|0x0000000086900000, 0x0000000086a00000, 0x0000000086a00000|100%| O|  |TAMS 0x0000000086a00000, 0x0000000086a00000| Untracked 
| 106|0x0000000086a00000, 0x0000000086b00000, 0x0000000086b00000|100%| O|  |TAMS 0x0000000086b00000, 0x0000000086b00000| Untracked 
| 107|0x0000000086b00000, 0x0000000086b00000, 0x0000000086c00000|  0%| F|  |TAMS 0x0000000086b00000, 0x0000000086b00000| Untracked 
| 108|0x0000000086c00000, 0x0000000086c00000, 0x0000000086d00000|  0%| F|  |TAMS 0x0000000086c00000, 0x0000000086c00000| Untracked 
| 109|0x0000000086d00000, 0x0000000086e00000, 0x0000000086e00000|100%| O|  |TAMS 0x0000000086e00000, 0x0000000086e00000| Untracked 
| 110|0x0000000086e00000, 0x0000000086e00000, 0x0000000086f00000|  0%| F|  |TAMS 0x0000000086e00000, 0x0000000086e00000| Untracked 
| 111|0x0000000086f00000, 0x0000000087000000, 0x0000000087000000|100%| O|  |TAMS 0x0000000087000000, 0x0000000087000000| Untracked 
| 112|0x0000000087000000, 0x0000000087100000, 0x0000000087100000|100%| O|  |TAMS 0x0000000087100000, 0x0000000087100000| Untracked 
| 113|0x0000000087100000, 0x0000000087200000, 0x0000000087200000|100%| O|  |TAMS 0x0000000087200000, 0x0000000087200000| Untracked 
| 114|0x0000000087200000, 0x0000000087300000, 0x0000000087300000|100%| O|  |TAMS 0x0000000087300000, 0x0000000087300000| Untracked 
| 115|0x0000000087300000, 0x0000000087400000, 0x0000000087400000|100%| O|  |TAMS 0x0000000087400000, 0x0000000087400000| Untracked 
| 116|0x0000000087400000, 0x0000000087400000, 0x0000000087500000|  0%| F|  |TAMS 0x0000000087400000, 0x0000000087400000| Untracked 
| 117|0x0000000087500000, 0x0000000087600000, 0x0000000087600000|100%| O|  |TAMS 0x0000000087600000, 0x0000000087600000| Untracked 
| 118|0x0000000087600000, 0x0000000087700000, 0x0000000087700000|100%| O|  |TAMS 0x0000000087700000, 0x0000000087700000| Untracked 
| 119|0x0000000087700000, 0x0000000087800000, 0x0000000087800000|100%| O|  |TAMS 0x00000000877f5a00, 0x0000000087800000| Untracked 
| 120|0x0000000087800000, 0x0000000087800000, 0x0000000087900000|  0%| F|  |TAMS 0x0000000087800000, 0x0000000087800000| Untracked 
| 121|0x0000000087900000, 0x0000000087a00000, 0x0000000087a00000|100%| O|  |TAMS 0x0000000087a00000, 0x0000000087a00000| Untracked 
| 122|0x0000000087a00000, 0x0000000087b00000, 0x0000000087b00000|100%| O|  |TAMS 0x0000000087b00000, 0x0000000087b00000| Untracked 
| 123|0x0000000087b00000, 0x0000000087c00000, 0x0000000087c00000|100%| O|  |TAMS 0x0000000087c00000, 0x0000000087c00000| Untracked 
| 124|0x0000000087c00000, 0x0000000087d00000, 0x0000000087d00000|100%| O|  |TAMS 0x0000000087d00000, 0x0000000087d00000| Untracked 
| 125|0x0000000087d00000, 0x0000000087d00000, 0x0000000087e00000|  0%| F|  |TAMS 0x0000000087d00000, 0x0000000087d00000| Untracked 
| 126|0x0000000087e00000, 0x0000000087e00000, 0x0000000087f00000|  0%| F|  |TAMS 0x0000000087e00000, 0x0000000087e00000| Untracked 
| 127|0x0000000087f00000, 0x0000000087f00000, 0x0000000088000000|  0%| F|  |TAMS 0x0000000087f00000, 0x0000000087f00000| Untracked 
| 128|0x0000000088000000, 0x0000000088000000, 0x0000000088100000|  0%| F|  |TAMS 0x0000000088000000, 0x0000000088000000| Untracked 
| 129|0x0000000088100000, 0x0000000088100000, 0x0000000088200000|  0%| F|  |TAMS 0x0000000088100000, 0x0000000088100000| Untracked 
| 130|0x0000000088200000, 0x0000000088200000, 0x0000000088300000|  0%| F|  |TAMS 0x0000000088200000, 0x0000000088200000| Untracked 
| 131|0x0000000088300000, 0x0000000088400000, 0x0000000088400000|100%| O|  |TAMS 0x0000000088400000, 0x0000000088400000| Untracked 
| 132|0x0000000088400000, 0x0000000088400000, 0x0000000088500000|  0%| F|  |TAMS 0x0000000088400000, 0x0000000088400000| Untracked 
| 133|0x0000000088500000, 0x0000000088500000, 0x0000000088600000|  0%| F|  |TAMS 0x0000000088500000, 0x0000000088500000| Untracked 
| 134|0x0000000088600000, 0x0000000088600000, 0x0000000088700000|  0%| F|  |TAMS 0x0000000088600000, 0x0000000088600000| Untracked 
| 135|0x0000000088700000, 0x0000000088700000, 0x0000000088800000|  0%| F|  |TAMS 0x0000000088700000, 0x0000000088700000| Untracked 
| 136|0x0000000088800000, 0x0000000088800000, 0x0000000088900000|  0%| F|  |TAMS 0x0000000088800000, 0x0000000088800000| Untracked 
| 137|0x0000000088900000, 0x0000000088900000, 0x0000000088a00000|  0%| F|  |TAMS 0x0000000088900000, 0x0000000088900000| Untracked 
| 138|0x0000000088a00000, 0x0000000088a00000, 0x0000000088b00000|  0%| F|  |TAMS 0x0000000088a00000, 0x0000000088a00000| Untracked 
| 139|0x0000000088b00000, 0x0000000088b00000, 0x0000000088c00000|  0%| F|  |TAMS 0x0000000088b00000, 0x0000000088b00000| Untracked 
| 140|0x0000000088c00000, 0x0000000088c00000, 0x0000000088d00000|  0%| F|  |TAMS 0x0000000088c00000, 0x0000000088c00000| Untracked 
| 141|0x0000000088d00000, 0x0000000088d00000, 0x0000000088e00000|  0%| F|  |TAMS 0x0000000088d00000, 0x0000000088d00000| Untracked 
| 142|0x0000000088e00000, 0x0000000088e00000, 0x0000000088f00000|  0%| F|  |TAMS 0x0000000088e00000, 0x0000000088e00000| Untracked 
| 143|0x0000000088f00000, 0x0000000088f00000, 0x0000000089000000|  0%| F|  |TAMS 0x0000000088f00000, 0x0000000088f00000| Untracked 
| 144|0x0000000089000000, 0x0000000089000000, 0x0000000089100000|  0%| F|  |TAMS 0x0000000089000000, 0x0000000089000000| Untracked 
| 145|0x0000000089100000, 0x0000000089100000, 0x0000000089200000|  0%| F|  |TAMS 0x0000000089100000, 0x0000000089100000| Untracked 
| 146|0x0000000089200000, 0x0000000089200000, 0x0000000089300000|  0%| F|  |TAMS 0x0000000089200000, 0x0000000089200000| Untracked 
| 147|0x0000000089300000, 0x000000008931e3d8, 0x0000000089400000| 11%| S|CS|TAMS 0x0000000089300000, 0x0000000089300000| Complete 
| 148|0x0000000089400000, 0x0000000089500000, 0x0000000089500000|100%| S|CS|TAMS 0x0000000089400000, 0x0000000089400000| Complete 
| 149|0x0000000089500000, 0x0000000089600000, 0x0000000089600000|100%| S|CS|TAMS 0x0000000089500000, 0x0000000089500000| Complete 
| 150|0x0000000089600000, 0x0000000089600000, 0x0000000089700000|  0%| F|  |TAMS 0x0000000089600000, 0x0000000089600000| Untracked 
| 151|0x0000000089700000, 0x0000000089700000, 0x0000000089800000|  0%| F|  |TAMS 0x0000000089700000, 0x0000000089700000| Untracked 
| 152|0x0000000089800000, 0x0000000089800000, 0x0000000089900000|  0%| F|  |TAMS 0x0000000089800000, 0x0000000089800000| Untracked 
| 153|0x0000000089900000, 0x0000000089900000, 0x0000000089a00000|  0%| F|  |TAMS 0x0000000089900000, 0x0000000089900000| Untracked 
| 154|0x0000000089a00000, 0x0000000089a00000, 0x0000000089b00000|  0%| F|  |TAMS 0x0000000089a00000, 0x0000000089a00000| Untracked 
| 155|0x0000000089b00000, 0x0000000089b00000, 0x0000000089c00000|  0%| F|  |TAMS 0x0000000089b00000, 0x0000000089b00000| Untracked 
| 156|0x0000000089c00000, 0x0000000089c00000, 0x0000000089d00000|  0%| F|  |TAMS 0x0000000089c00000, 0x0000000089c00000| Untracked 
| 157|0x0000000089d00000, 0x0000000089d00000, 0x0000000089e00000|  0%| F|  |TAMS 0x0000000089d00000, 0x0000000089d00000| Untracked 
| 158|0x0000000089e00000, 0x0000000089e00000, 0x0000000089f00000|  0%| F|  |TAMS 0x0000000089e00000, 0x0000000089e00000| Untracked 
| 159|0x0000000089f00000, 0x0000000089f00000, 0x000000008a000000|  0%| F|  |TAMS 0x0000000089f00000, 0x0000000089f00000| Untracked 
| 160|0x000000008a000000, 0x000000008a000000, 0x000000008a100000|  0%| F|  |TAMS 0x000000008a000000, 0x000000008a000000| Untracked 
| 161|0x000000008a100000, 0x000000008a100000, 0x000000008a200000|  0%| F|  |TAMS 0x000000008a100000, 0x000000008a100000| Untracked 
| 162|0x000000008a200000, 0x000000008a200000, 0x000000008a300000|  0%| F|  |TAMS 0x000000008a200000, 0x000000008a200000| Untracked 
| 163|0x000000008a300000, 0x000000008a300000, 0x000000008a400000|  0%| F|  |TAMS 0x000000008a300000, 0x000000008a300000| Untracked 
| 164|0x000000008a400000, 0x000000008a400000, 0x000000008a500000|  0%| F|  |TAMS 0x000000008a400000, 0x000000008a400000| Untracked 
| 165|0x000000008a500000, 0x000000008a500000, 0x000000008a600000|  0%| F|  |TAMS 0x000000008a500000, 0x000000008a500000| Untracked 
| 166|0x000000008a600000, 0x000000008a600000, 0x000000008a700000|  0%| F|  |TAMS 0x000000008a600000, 0x000000008a600000| Untracked 
| 167|0x000000008a700000, 0x000000008a700000, 0x000000008a800000|  0%| F|  |TAMS 0x000000008a700000, 0x000000008a700000| Untracked 
| 168|0x000000008a800000, 0x000000008a800000, 0x000000008a900000|  0%| F|  |TAMS 0x000000008a800000, 0x000000008a800000| Untracked 
| 169|0x000000008a900000, 0x000000008a900000, 0x000000008aa00000|  0%| F|  |TAMS 0x000000008a900000, 0x000000008a900000| Untracked 
| 170|0x000000008aa00000, 0x000000008aa00000, 0x000000008ab00000|  0%| F|  |TAMS 0x000000008aa00000, 0x000000008aa00000| Untracked 
| 171|0x000000008ab00000, 0x000000008ab00000, 0x000000008ac00000|  0%| F|  |TAMS 0x000000008ab00000, 0x000000008ab00000| Untracked 
| 172|0x000000008ac00000, 0x000000008ad00000, 0x000000008ad00000|100%| O|  |TAMS 0x000000008ad00000, 0x000000008ad00000| Untracked 
| 173|0x000000008ad00000, 0x000000008ad00000, 0x000000008ae00000|  0%| F|  |TAMS 0x000000008ad00000, 0x000000008ad00000| Untracked 
| 174|0x000000008ae00000, 0x000000008ae00000, 0x000000008af00000|  0%| F|  |TAMS 0x000000008ae00000, 0x000000008ae00000| Untracked 
| 175|0x000000008af00000, 0x000000008af00000, 0x000000008b000000|  0%| F|  |TAMS 0x000000008af00000, 0x000000008af00000| Untracked 
| 176|0x000000008b000000, 0x000000008b000000, 0x000000008b100000|  0%| F|  |TAMS 0x000000008b000000, 0x000000008b000000| Untracked 
| 177|0x000000008b100000, 0x000000008b156420, 0x000000008b200000| 33%| E|  |TAMS 0x000000008b100000, 0x000000008b100000| Complete 
| 178|0x000000008b200000, 0x000000008b300000, 0x000000008b300000|100%| O|  |TAMS 0x000000008b300000, 0x000000008b300000| Untracked 
| 179|0x000000008b300000, 0x000000008b400000, 0x000000008b400000|100%| O|  |TAMS 0x000000008b400000, 0x000000008b400000| Untracked 
| 180|0x000000008b400000, 0x000000008b500000, 0x000000008b500000|100%| O|  |TAMS 0x000000008b500000, 0x000000008b500000| Untracked 
| 181|0x000000008b500000, 0x000000008b600000, 0x000000008b600000|100%| O|  |TAMS 0x000000008b600000, 0x000000008b600000| Untracked 
| 182|0x000000008b600000, 0x000000008b700000, 0x000000008b700000|100%| E|CS|TAMS 0x000000008b600000, 0x000000008b600000| Complete 
| 183|0x000000008b700000, 0x000000008b800000, 0x000000008b800000|100%| E|CS|TAMS 0x000000008b700000, 0x000000008b700000| Complete 
| 184|0x000000008b800000, 0x000000008b900000, 0x000000008b900000|100%| E|CS|TAMS 0x000000008b800000, 0x000000008b800000| Complete 

Card table byte_map: [0x0000017ef7ec0000,0x0000017ef82c0000] _byte_map_base: 0x0000017ef7ac0000

Marking Bits (Prev, Next): (CMBitMap*) 0x0000017ef43d8a40, (CMBitMap*) 0x0000017ef43d8a08
 Prev Bits: [0x0000017efa6c0000, 0x0000017efc6c0000)
 Next Bits: [0x0000017ef86c0000, 0x0000017efa6c0000)

Polling page: 0x0000017ef2350000

Metaspace:

Usage:
  Non-class:    124.16 MB capacity,   121.72 MB ( 98%) used,     1.94 MB (  2%) free+waste,   509.56 KB ( <1%) overhead. 
      Class:     18.63 MB capacity,    17.17 MB ( 92%) used,     1.25 MB (  7%) free+waste,   219.62 KB (  1%) overhead. 
       Both:    142.79 MB capacity,   138.89 MB ( 97%) used,     3.19 MB (  2%) free+waste,   729.19 KB ( <1%) overhead. 

Virtual space:
  Non-class space:      126.00 MB reserved,     124.92 MB (>99%) committed 
      Class space:        1.00 GB reserved,      19.12 MB (  2%) committed 
             Both:        1.12 GB reserved,     144.05 MB ( 13%) committed 

Chunk freelists:
   Non-Class:  657.00 KB
       Class:  439.00 KB
        Both:  1.07 MB

MaxMetaspaceSize: 17179869184.00 GB
CompressedClassSpaceSize: 1.00 GB
Initial GC threshold: 20.80 MB
Current GC threshold: 240.08 MB
CDS: off

CodeHeap 'non-profiled nmethods': size=120064Kb used=18670Kb max_used=18670Kb free=101393Kb
 bounds [0x0000017e87ac0000, 0x0000017e88d00000, 0x0000017e8f000000]
CodeHeap 'profiled nmethods': size=120000Kb used=55753Kb max_used=55753Kb free=64246Kb
 bounds [0x0000017e80590000, 0x0000017e83c10000, 0x0000017e87ac0000]
CodeHeap 'non-nmethods': size=5696Kb used=2512Kb max_used=2556Kb free=3183Kb
 bounds [0x0000017e80000000, 0x0000017e80290000, 0x0000017e80590000]
 total_blobs=25085 nmethods=24033 adapters=963
 compilation: enabled
              stopped_count=0, restarted_count=0
 full_count=0

Compilation events (20 events):
Event: 8376.477 Thread 0x0000017eff498000 26630       3       com.google.common.reflect.TypeToken$4::<init> (10 bytes)
Event: 8376.477 Thread 0x0000017efeaed000 nmethod 26629 0x0000017e88cf8c90 code [0x0000017e88cf8e20, 0x0000017e88cf8e78]
Event: 8376.478 Thread 0x0000017eff498000 nmethod 26630 0x0000017e83bffa90 code [0x0000017e83bffca0, 0x0000017e83c00338]
Event: 8376.479 Thread 0x0000017eff498000 26631       3       org.gradle.api.internal.provider.DefaultValueSourceProviderFactory$LazilyObtainedValue$$Lambda$631/0x00000001006f9040::call (10 bytes)
Event: 8376.480 Thread 0x0000017eff498000 nmethod 26631 0x0000017e83c00590 code [0x0000017e83c00740, 0x0000017e83c00908]
Event: 8376.480 Thread 0x0000017eff498000 26632   !   3       com.sun.proxy.$Proxy53::afterValueObtained (27 bytes)
Event: 8376.480 Thread 0x0000017eff498000 nmethod 26632 0x0000017e83c00a10 code [0x0000017e83c00be0, 0x0000017e83c00ed8]
Event: 8376.480 Thread 0x0000017eff498000 26633       3       org.gradle.api.internal.provider.DefaultValueSourceProviderFactory$LazilyObtainedValue::obtainedValue (21 bytes)
Event: 8376.481 Thread 0x0000017eff498000 nmethod 26633 0x0000017e83c01090 code [0x0000017e83c01260, 0x0000017e83c015f8]
Event: 8376.481 Thread 0x0000017eff498000 26634       3       org.gradle.api.internal.provider.DefaultValueSourceProviderFactory$DefaultObtainedValue::<init> (26 bytes)
Event: 8376.481 Thread 0x0000017eff498000 nmethod 26634 0x0000017e83c01710 code [0x0000017e83c018e0, 0x0000017e83c01bb8]
Event: 8376.482 Thread 0x0000017eff498000 26635   !   3       jdk.internal.reflect.GeneratedMethodAccessor217::invoke (66 bytes)
Event: 8376.483 Thread 0x0000017eff498000 nmethod 26635 0x0000017e83c01c90 code [0x0000017e83c01ee0, 0x0000017e83c027c8]
Event: 8376.486 Thread 0x0000017eff498000 26636       3       com.google.common.math.IntMath::log2 (118 bytes)
Event: 8376.488 Thread 0x0000017eff498000 nmethod 26636 0x0000017e83c02c10 code [0x0000017e83c02e60, 0x0000017e83c03578]
Event: 8376.490 Thread 0x0000017efeaed000 26637       4       org.gradle.internal.event.ListenerBroadcast::getSource (35 bytes)
Event: 8376.593 Thread 0x0000017efeaed000 nmethod 26637 0x0000017e88cf8f90 code [0x0000017e88cf9220, 0x0000017e88cfa350]
Event: 8376.610 Thread 0x0000017efeaed000 26638       4       com.google.common.reflect.Types$JavaVersion$2::usedInGenericType (8 bytes)
Event: 8376.612 Thread 0x0000017efeaed000 nmethod 26638 0x0000017e88cfaf10 code [0x0000017e88cfb0a0, 0x0000017e88cfb178]
Event: 8376.614 Thread 0x0000017efeaed000 26639       4       com.google.common.reflect.TypeResolver$TypeMappingIntrospector::map (92 bytes)

GC Heap History (20 events):
Event: 6710.822 GC heap before
{Heap before GC invocations=196 (full 0):
 garbage-first heap   total 189440K, used 135160K [0x0000000080000000, 0x0000000100000000)
  region size 1024K, 19 young (19456K), 2 survivors (2048K)
 Metaspace       used 139614K, capacity 143470K, committed 145200K, reserved 1175552K
  class space    used 17504K, capacity 18981K, committed 19584K, reserved 1048576K
}
Event: 6710.851 GC heap after
{Heap after GC invocations=197 (full 0):
 garbage-first heap   total 189440K, used 120563K [0x0000000080000000, 0x0000000100000000)
  region size 1024K, 4 young (4096K), 4 survivors (4096K)
 Metaspace       used 139614K, capacity 143470K, committed 145200K, reserved 1175552K
  class space    used 17504K, capacity 18981K, committed 19584K, reserved 1048576K
}
Event: 6716.949 GC heap before
{Heap before GC invocations=198 (full 0):
 garbage-first heap   total 189440K, used 149235K [0x0000000080000000, 0x0000000100000000)
  region size 1024K, 32 young (32768K), 4 survivors (4096K)
 Metaspace       used 140181K, capacity 144050K, committed 145712K, reserved 1175552K
  class space    used 17530K, capacity 19007K, committed 19584K, reserved 1048576K
}
Event: 6717.066 GC heap after
{Heap after GC invocations=199 (full 0):
 garbage-first heap   total 189440K, used 125312K [0x0000000080000000, 0x0000000100000000)
  region size 1024K, 4 young (4096K), 4 survivors (4096K)
 Metaspace       used 140181K, capacity 144050K, committed 145712K, reserved 1175552K
  class space    used 17530K, capacity 19007K, committed 19584K, reserved 1048576K
}
Event: 6717.651 GC heap before
{Heap before GC invocations=199 (full 0):
 garbage-first heap   total 189440K, used 130432K [0x0000000080000000, 0x0000000100000000)
  region size 1024K, 9 young (9216K), 4 survivors (4096K)
 Metaspace       used 140412K, capacity 144320K, committed 145968K, reserved 1175552K
  class space    used 17535K, capacity 19009K, committed 19584K, reserved 1048576K
}
Event: 6717.745 GC heap after
{Heap after GC invocations=200 (full 0):
 garbage-first heap   total 189440K, used 124957K [0x0000000080000000, 0x0000000100000000)
  region size 1024K, 1 young (1024K), 1 survivors (1024K)
 Metaspace       used 140412K, capacity 144320K, committed 145968K, reserved 1175552K
  class space    used 17535K, capacity 19009K, committed 19584K, reserved 1048576K
}
Event: 6722.682 GC heap before
{Heap before GC invocations=200 (full 0):
 garbage-first heap   total 189440K, used 150557K [0x0000000080000000, 0x0000000100000000)
  region size 1024K, 27 young (27648K), 1 survivors (1024K)
 Metaspace       used 141408K, capacity 145261K, committed 146992K, reserved 1177600K
  class space    used 17536K, capacity 19011K, committed 19584K, reserved 1048576K
}
Event: 6722.702 GC heap after
{Heap after GC invocations=201 (full 0):
 garbage-first heap   total 189440K, used 125259K [0x0000000080000000, 0x0000000100000000)
  region size 1024K, 1 young (1024K), 1 survivors (1024K)
 Metaspace       used 141408K, capacity 145261K, committed 146992K, reserved 1177600K
  class space    used 17536K, capacity 19011K, committed 19584K, reserved 1048576K
}
Event: 6728.912 GC heap before
{Heap before GC invocations=202 (full 0):
 garbage-first heap   total 189440K, used 153931K [0x0000000080000000, 0x0000000100000000)
  region size 1024K, 29 young (29696K), 1 survivors (1024K)
 Metaspace       used 141945K, capacity 145883K, committed 147504K, reserved 1177600K
  class space    used 17543K, capacity 19017K, committed 19584K, reserved 1048576K
}
Event: 6728.949 GC heap after
{Heap after GC invocations=203 (full 0):
 garbage-first heap   total 189440K, used 129896K [0x0000000080000000, 0x0000000100000000)
  region size 1024K, 4 young (4096K), 4 survivors (4096K)
 Metaspace       used 141945K, capacity 145883K, committed 147504K, reserved 1177600K
  class space    used 17543K, capacity 19017K, committed 19584K, reserved 1048576K
}
Event: 6729.428 GC heap before
{Heap before GC invocations=203 (full 0):
 garbage-first heap   total 189440K, used 135016K [0x0000000080000000, 0x0000000100000000)
  region size 1024K, 9 young (9216K), 4 survivors (4096K)
 Metaspace       used 141957K, capacity 145887K, committed 147504K, reserved 1177600K
  class space    used 17543K, capacity 19017K, committed 19584K, reserved 1048576K
}
Event: 6729.511 GC heap after
{Heap after GC invocations=204 (full 0):
 garbage-first heap   total 189440K, used 127856K [0x0000000080000000, 0x0000000100000000)
  region size 1024K, 2 young (2048K), 2 survivors (2048K)
 Metaspace       used 141957K, capacity 145887K, committed 147504K, reserved 1177600K
  class space    used 17543K, capacity 19017K, committed 19584K, reserved 1048576K
}
Event: 6735.495 GC heap before
{Heap before GC invocations=204 (full 0):
 garbage-first heap   total 189440K, used 141168K [0x0000000080000000, 0x0000000100000000)
  region size 1024K, 16 young (16384K), 2 survivors (2048K)
 Metaspace       used 142088K, capacity 146088K, committed 147504K, reserved 1177600K
  class space    used 17562K, capacity 19046K, committed 19584K, reserved 1048576K
}
Event: 6735.526 GC heap after
{Heap after GC invocations=205 (full 0):
 garbage-first heap   total 189440K, used 127382K [0x0000000080000000, 0x0000000100000000)
  region size 1024K, 3 young (3072K), 3 survivors (3072K)
 Metaspace       used 142088K, capacity 146088K, committed 147504K, reserved 1177600K
  class space    used 17562K, capacity 19046K, committed 19584K, reserved 1048576K
}
Event: 7485.343 GC heap before
{Heap before GC invocations=206 (full 0):
 garbage-first heap   total 189440K, used 176534K [0x0000000080000000, 0x0000000100000000)
  region size 1024K, 25 young (25600K), 3 survivors (3072K)
 Metaspace       used 142110K, capacity 146107K, committed 147504K, reserved 1177600K
  class space    used 17565K, capacity 19052K, committed 19584K, reserved 1048576K
}
Event: 7485.356 GC heap after
{Heap after GC invocations=207 (full 0):
 garbage-first heap   total 189440K, used 122422K [0x0000000080000000, 0x0000000100000000)
  region size 1024K, 1 young (1024K), 1 survivors (1024K)
 Metaspace       used 142110K, capacity 146107K, committed 147504K, reserved 1177600K
  class space    used 17565K, capacity 19052K, committed 19584K, reserved 1048576K
}
Event: 7919.818 GC heap before
{Heap before GC invocations=207 (full 0):
 garbage-first heap   total 189440K, used 130614K [0x0000000080000000, 0x0000000100000000)
  region size 1024K, 9 young (9216K), 1 survivors (1024K)
 Metaspace       used 142115K, capacity 146108K, committed 147504K, reserved 1177600K
  class space    used 17565K, capacity 19052K, committed 19584K, reserved 1048576K
}
Event: 7919.871 GC heap after
{Heap after GC invocations=208 (full 0):
 garbage-first heap   total 189440K, used 117289K [0x0000000080000000, 0x0000000100000000)
  region size 1024K, 1 young (1024K), 1 survivors (1024K)
 Metaspace       used 142115K, capacity 146108K, committed 147504K, reserved 1177600K
  class space    used 17565K, capacity 19052K, committed 19584K, reserved 1048576K
}
Event: 8375.911 GC heap before
{Heap before GC invocations=208 (full 0):
 garbage-first heap   total 189440K, used 145961K [0x0000000080000000, 0x0000000100000000)
  region size 1024K, 30 young (30720K), 1 survivors (1024K)
 Metaspace       used 142191K, capacity 146198K, committed 147504K, reserved 1177600K
  class space    used 17578K, capacity 19075K, committed 19584K, reserved 1048576K
}
Event: 8375.946 GC heap after
{Heap after GC invocations=209 (full 0):
 garbage-first heap   total 189440K, used 119054K [0x0000000080000000, 0x0000000100000000)
  region size 1024K, 3 young (3072K), 3 survivors (3072K)
 Metaspace       used 142191K, capacity 146198K, committed 147504K, reserved 1177600K
  class space    used 17578K, capacity 19075K, committed 19584K, reserved 1048576K
}

Deoptimization events (20 events):
Event: 6731.972 Thread 0x0000017e909c6800 Uncommon trap: trap_request=0xffffff4d fr.pc=0x0000017e882e5e60 relative=0x0000000000000140
Event: 6731.972 Thread 0x0000017e909c6800 Uncommon trap: reason=unstable_if action=reinterpret pc=0x0000017e882e5e60 method=sun.util.calendar.BaseCalendar.getFixedDate(IIILsun/util/calendar/BaseCalendar$Date;)J @ 2 c2
Event: 6731.972 Thread 0x0000017e909c6800 DEOPT PACKING pc=0x0000017e882e5e60 sp=0x0000001944ffcfa0
Event: 6731.972 Thread 0x0000017e909c6800 DEOPT UNPACKING pc=0x0000017e8004a1af sp=0x0000001944ffcf18 mode 2
Event: 6738.980 Thread 0x0000017e96cae800 Uncommon trap: trap_request=0xffffffbe fr.pc=0x0000017e88b940b0 relative=0x0000000000000450
Event: 6738.980 Thread 0x0000017e96cae800 Uncommon trap: reason=profile_predicate action=maybe_recompile pc=0x0000017e88b940b0 method=com.google.common.collect.ImmutableList.copyIntoArray([Ljava/lang/Object;I)I @ 11 c2
Event: 6738.980 Thread 0x0000017e96cae800 DEOPT PACKING pc=0x0000017e88b940b0 sp=0x0000001941efb910
Event: 6738.980 Thread 0x0000017e96cae800 DEOPT UNPACKING pc=0x0000017e8004a1af sp=0x0000001941efb8c0 mode 2
Event: 6738.980 Thread 0x0000017e96cae800 Uncommon trap: trap_request=0xffffffbe fr.pc=0x0000017e88b940b0 relative=0x0000000000000450
Event: 6738.980 Thread 0x0000017e96cae800 Uncommon trap: reason=profile_predicate action=maybe_recompile pc=0x0000017e88b940b0 method=com.google.common.collect.ImmutableList.copyIntoArray([Ljava/lang/Object;I)I @ 11 c2
Event: 6738.980 Thread 0x0000017e96cae800 DEOPT PACKING pc=0x0000017e88b940b0 sp=0x0000001941efb820
Event: 6738.980 Thread 0x0000017e96cae800 DEOPT UNPACKING pc=0x0000017e8004a1af sp=0x0000001941efb7d0 mode 2
Event: 6738.980 Thread 0x0000017e96cae800 Uncommon trap: trap_request=0xffffffbe fr.pc=0x0000017e88b940b0 relative=0x0000000000000450
Event: 6738.981 Thread 0x0000017e96cae800 Uncommon trap: reason=profile_predicate action=maybe_recompile pc=0x0000017e88b940b0 method=com.google.common.collect.ImmutableList.copyIntoArray([Ljava/lang/Object;I)I @ 11 c2
Event: 6738.981 Thread 0x0000017e96cae800 DEOPT PACKING pc=0x0000017e88b940b0 sp=0x0000001941efb910
Event: 6738.981 Thread 0x0000017e96cae800 DEOPT UNPACKING pc=0x0000017e8004a1af sp=0x0000001941efb8c0 mode 2
Event: 6738.981 Thread 0x0000017e96cae800 Uncommon trap: trap_request=0xffffffbe fr.pc=0x0000017e88b940b0 relative=0x0000000000000450
Event: 6738.981 Thread 0x0000017e96cae800 Uncommon trap: reason=profile_predicate action=maybe_recompile pc=0x0000017e88b940b0 method=com.google.common.collect.ImmutableList.copyIntoArray([Ljava/lang/Object;I)I @ 11 c2
Event: 6738.981 Thread 0x0000017e96cae800 DEOPT PACKING pc=0x0000017e88b940b0 sp=0x0000001941efb820
Event: 6738.981 Thread 0x0000017e96cae800 DEOPT UNPACKING pc=0x0000017e8004a1af sp=0x0000001941efb7d0 mode 2

Classes redefined (0 events):
No events

Internal exceptions (20 events):
Event: 6724.869 Thread 0x0000017e909c8000 Exception <a 'sun/nio/fs/WindowsException'{0x000000008b1b1ea8}> (0x000000008b1b1ea8) thrown at [src/hotspot/share/prims/jni.cpp, line 617]
Event: 6725.294 Thread 0x0000017e909c8000 Exception <a 'sun/nio/fs/WindowsException'{0x000000008a7978e0}> (0x000000008a7978e0) thrown at [src/hotspot/share/prims/jni.cpp, line 617]
Event: 6725.327 Thread 0x0000017e909c8000 Exception <a 'sun/nio/fs/WindowsException'{0x000000008a79d158}> (0x000000008a79d158) thrown at [src/hotspot/share/prims/jni.cpp, line 617]
Event: 6725.813 Thread 0x0000017e96394800 Exception <a 'sun/nio/fs/WindowsException'{0x000000008a5c0a20}> (0x000000008a5c0a20) thrown at [src/hotspot/share/prims/jni.cpp, line 617]
Event: 6727.002 Thread 0x0000017e909c6800 Exception <a 'sun/nio/fs/WindowsException'{0x0000000089d54ff8}> (0x0000000089d54ff8) thrown at [src/hotspot/share/prims/jni.cpp, line 617]
Event: 6728.636 Thread 0x0000017e909c6800 Exception <a 'sun/nio/fs/WindowsException'{0x0000000089cbf8a8}> (0x0000000089cbf8a8) thrown at [src/hotspot/share/prims/jni.cpp, line 617]
Event: 6729.362 Thread 0x0000017e909c6800 Exception <a 'sun/nio/fs/WindowsException'{0x000000008b03c298}> (0x000000008b03c298) thrown at [src/hotspot/share/prims/jni.cpp, line 617]
Event: 6729.545 Thread 0x0000017e96394800 Exception <a 'sun/nio/fs/WindowsException'{0x000000008b89eab8}> (0x000000008b89eab8) thrown at [src/hotspot/share/prims/jni.cpp, line 617]
Event: 6729.558 Thread 0x0000017e909c6800 Exception <a 'sun/nio/fs/WindowsException'{0x000000008b8c6f30}> (0x000000008b8c6f30) thrown at [src/hotspot/share/prims/jni.cpp, line 617]
Event: 6729.612 Thread 0x0000017e909c6800 Exception <a 'sun/nio/fs/WindowsException'{0x000000008b7035b8}> (0x000000008b7035b8) thrown at [src/hotspot/share/prims/jni.cpp, line 617]
Event: 6729.635 Thread 0x0000017e909c6800 Exception <a 'sun/nio/fs/WindowsException'{0x000000008b7bd820}> (0x000000008b7bd820) thrown at [src/hotspot/share/prims/jni.cpp, line 617]
Event: 6729.669 Thread 0x0000017e909c6800 Exception <a 'sun/nio/fs/WindowsException'{0x000000008b7dee88}> (0x000000008b7dee88) thrown at [src/hotspot/share/prims/jni.cpp, line 617]
Event: 6729.712 Thread 0x0000017e96394800 Exception <a 'sun/nio/fs/WindowsException'{0x000000008b8f73e8}> (0x000000008b8f73e8) thrown at [src/hotspot/share/prims/jni.cpp, line 617]
Event: 6729.719 Thread 0x0000017e909c6800 Exception <a 'sun/nio/fs/WindowsException'{0x000000008b6b4e90}> (0x000000008b6b4e90) thrown at [src/hotspot/share/prims/jni.cpp, line 617]
Event: 6729.748 Thread 0x0000017e96394800 Exception <a 'sun/nio/fs/WindowsException'{0x000000008b1554f8}> (0x000000008b1554f8) thrown at [src/hotspot/share/prims/jni.cpp, line 617]
Event: 6732.599 Thread 0x0000017e909c6800 Exception <a 'sun/nio/fs/WindowsException'{0x000000008a641cd8}> (0x000000008a641cd8) thrown at [src/hotspot/share/prims/jni.cpp, line 617]
Event: 6732.600 Thread 0x0000017e909c6800 Exception <a 'sun/nio/fs/WindowsException'{0x000000008a641d60}> (0x000000008a641d60) thrown at [src/hotspot/share/prims/jni.cpp, line 617]
Event: 6738.967 Thread 0x0000017e96cae800 Exception <a 'sun/nio/fs/WindowsException'{0x000000008b67d100}> (0x000000008b67d100) thrown at [src/hotspot/share/prims/jni.cpp, line 617]
Event: 6738.967 Thread 0x0000017e96cae800 Exception <a 'sun/nio/fs/WindowsException'{0x000000008b67d188}> (0x000000008b67d188) thrown at [src/hotspot/share/prims/jni.cpp, line 617]
Event: 6738.968 Thread 0x0000017e96cae800 Exception <a 'sun/nio/fs/WindowsException'{0x000000008b67eb48}> (0x000000008b67eb48) thrown at [src/hotspot/share/prims/jni.cpp, line 617]

Events (20 events):
Event: 8374.824 Thread 0x0000017e96cad000 Thread added: 0x0000017e96cad000
Event: 8374.824 Thread 0x0000017e96cad800 Thread added: 0x0000017e96cad800
Event: 8374.824 Thread 0x0000017e96cae800 Thread added: 0x0000017e96cae800
Event: 8374.825 Thread 0x0000017e96cb5000 Thread added: 0x0000017e96cb5000
Event: 8374.825 Thread 0x0000017e96cb8800 Thread added: 0x0000017e96cb8800
Event: 8374.905 Thread 0x0000017e96cb6800 Thread added: 0x0000017e96cb6800
Event: 8374.906 Thread 0x0000017e96cb9000 Thread added: 0x0000017e96cb9000
Event: 8374.906 Thread 0x0000017e96cb6000 Thread added: 0x0000017e96cb6000
Event: 8374.906 Thread 0x0000017e96cb7800 Thread added: 0x0000017e96cb7800
Event: 8374.906 Thread 0x0000017e96cb3800 Thread added: 0x0000017e96cb3800
Event: 8374.907 Thread 0x0000017e96cba000 Thread added: 0x0000017e96cba000
Event: 8374.907 Thread 0x0000017e96cbb000 Thread added: 0x0000017e96cbb000
Event: 8374.908 Thread 0x0000017e96389000 Thread added: 0x0000017e96389000
Event: 8374.908 Thread 0x0000017e9638c800 Thread added: 0x0000017e9638c800
Event: 8374.908 Thread 0x0000017e9638d000 Thread added: 0x0000017e9638d000
Event: 8374.908 Thread 0x0000017e9638e000 Thread added: 0x0000017e9638e000
Event: 8374.909 Thread 0x0000017e96388000 Thread added: 0x0000017e96388000
Event: 8375.880 Executing VM operation: G1CollectForAllocation
Event: 8375.946 Executing VM operation: G1CollectForAllocation done
Event: 8376.186 Thread 0x0000017e9638a800 Thread added: 0x0000017e9638a800


Dynamic libraries:
0x00007ff631390000 - 0x00007ff63139a000 	C:\Program Files\Android\Android Studio\jbr\bin\java.exe
0x00007ff99cd70000 - 0x00007ff99cf68000 	C:\WINDOWS\SYSTEM32\ntdll.dll
0x00007ff99c7a0000 - 0x00007ff99c85d000 	C:\WINDOWS\System32\KERNEL32.DLL
0x00007ff99a5b0000 - 0x00007ff99a8a6000 	C:\WINDOWS\System32\KERNELBASE.dll
0x00007ff99a450000 - 0x00007ff99a550000 	C:\WINDOWS\System32\ucrtbase.dll
0x00007ff993c70000 - 0x00007ff993c87000 	C:\Program Files\Android\Android Studio\jbr\bin\jli.dll
0x00007ff99b090000 - 0x00007ff99b22e000 	C:\WINDOWS\System32\USER32.dll
0x00007ff99a550000 - 0x00007ff99a572000 	C:\WINDOWS\System32\win32u.dll
0x00007ff99af50000 - 0x00007ff99af7c000 	C:\WINDOWS\System32\GDI32.dll
0x00007ff99aa10000 - 0x00007ff99ab2a000 	C:\WINDOWS\System32\gdi32full.dll
0x00007ff99ac30000 - 0x00007ff99accd000 	C:\WINDOWS\System32\msvcp_win.dll
0x00007ff98d480000 - 0x00007ff98d71a000 	C:\WINDOWS\WinSxS\amd64_microsoft.windows.common-controls_6595b64144ccf1df_6.0.19041.1110_none_60b5254171f9507e\COMCTL32.dll
0x00007ff99c870000 - 0x00007ff99c90e000 	C:\WINDOWS\System32\msvcrt.dll
0x00007ff98d790000 - 0x00007ff98d7ab000 	C:\Program Files\Android\Android Studio\jbr\bin\VCRUNTIME140.dll
0x00007ff99c910000 - 0x00007ff99c940000 	C:\WINDOWS\System32\IMM32.DLL
0x00007ff994170000 - 0x00007ff99417c000 	C:\Program Files\Android\Android Studio\jbr\bin\vcruntime140_1.dll
0x00007ff986c50000 - 0x00007ff986cdd000 	C:\Program Files\Android\Android Studio\jbr\bin\msvcp140.dll
0x00007ff970f90000 - 0x00007ff971b4c000 	C:\Program Files\Android\Android Studio\jbr\bin\server\jvm.dll
0x00007ff99aea0000 - 0x00007ff99af4e000 	C:\WINDOWS\System32\ADVAPI32.dll
0x00007ff99be00000 - 0x00007ff99be9c000 	C:\WINDOWS\System32\sechost.dll
0x00007ff99cb80000 - 0x00007ff99cca6000 	C:\WINDOWS\System32\RPCRT4.dll
0x00007ff99b560000 - 0x00007ff99b568000 	C:\WINDOWS\System32\PSAPI.DLL
0x00007ff992ce0000 - 0x00007ff992d07000 	C:\WINDOWS\SYSTEM32\WINMM.dll
0x00007ff97ec00000 - 0x00007ff97ec09000 	C:\WINDOWS\SYSTEM32\WSOCK32.dll
0x00007ff99b290000 - 0x00007ff99b2fb000 	C:\WINDOWS\System32\WS2_32.dll
0x00007ff992cc0000 - 0x00007ff992cca000 	C:\WINDOWS\SYSTEM32\VERSION.dll
0x00007ff9982a0000 - 0x00007ff9982b2000 	C:\WINDOWS\SYSTEM32\kernel.appcore.dll
0x00007ff995cb0000 - 0x00007ff995cc0000 	C:\Program Files\Android\Android Studio\jbr\bin\verify.dll
0x00007ff9913b0000 - 0x00007ff991594000 	C:\WINDOWS\SYSTEM32\DBGHELP.DLL
0x00007ff97e9b0000 - 0x00007ff97e9e4000 	C:\WINDOWS\SYSTEM32\dbgcore.DLL
0x00007ff99acd0000 - 0x00007ff99ad52000 	C:\WINDOWS\System32\bcryptPrimitives.dll
0x00007ff994570000 - 0x00007ff994598000 	C:\Program Files\Android\Android Studio\jbr\bin\java.dll
0x00007ff995ca0000 - 0x00007ff995caa000 	C:\Program Files\Android\Android Studio\jbr\bin\jimage.dll
0x00007ff994030000 - 0x00007ff994048000 	C:\Program Files\Android\Android Studio\jbr\bin\zip.dll
0x00007ff99b570000 - 0x00007ff99bcb5000 	C:\WINDOWS\System32\SHELL32.dll
0x00007ff9984a0000 - 0x00007ff998c3b000 	C:\WINDOWS\SYSTEM32\windows.storage.dll
0x00007ff99c440000 - 0x00007ff99c794000 	C:\WINDOWS\System32\combase.dll
0x00007ff999e20000 - 0x00007ff999e4e000 	C:\WINDOWS\SYSTEM32\Wldp.dll
0x00007ff99afe0000 - 0x00007ff99b08d000 	C:\WINDOWS\System32\SHCORE.dll
0x00007ff99c960000 - 0x00007ff99c9b5000 	C:\WINDOWS\System32\shlwapi.dll
0x00007ff99a380000 - 0x00007ff99a3a5000 	C:\WINDOWS\SYSTEM32\profapi.dll
0x00007ff994010000 - 0x00007ff994029000 	C:\Program Files\Android\Android Studio\jbr\bin\net.dll
0x00007ff991050000 - 0x00007ff99115a000 	C:\WINDOWS\SYSTEM32\WINHTTP.dll
0x00007ff999b20000 - 0x00007ff999b8a000 	C:\WINDOWS\system32\mswsock.dll
0x00007ff993c20000 - 0x00007ff993c33000 	C:\Program Files\Android\Android Studio\jbr\bin\nio.dll
0x00007ff97beb0000 - 0x00007ff97bed7000 	C:\Users\GABRIEL VICERAIRA\.gradle\native\e1d6ef7f7dcc3fd88c89a11ec53ec762bb8ba0a96d01ffa2cd45eb1d1d8dd5c5\windows-amd64\native-platform.dll
0x00007ff973960000 - 0x00007ff973aa4000 	C:\Users\GABRIEL VICERAIRA\.gradle\native\0d407fdbe67a94daf76414ababcb853783967236a71b16ec16e742cd7a986fd3\windows-amd64\native-platform-file-events.dll
0x00007ff995c90000 - 0x00007ff995c9a000 	C:\Program Files\Android\Android Studio\jbr\bin\management.dll
0x00007ff995b10000 - 0x00007ff995b1b000 	C:\Program Files\Android\Android Studio\jbr\bin\management_ext.dll
0x00007ff999d10000 - 0x00007ff999d28000 	C:\WINDOWS\SYSTEM32\CRYPTSP.dll
0x00007ff999400000 - 0x00007ff999434000 	C:\WINDOWS\system32\rsaenh.dll
0x00007ff99a580000 - 0x00007ff99a5a7000 	C:\WINDOWS\System32\bcrypt.dll
0x00007ff99a300000 - 0x00007ff99a32e000 	C:\WINDOWS\SYSTEM32\USERENV.dll
0x00007ff999d30000 - 0x00007ff999d3c000 	C:\WINDOWS\SYSTEM32\CRYPTBASE.dll
0x00007ff9997f0000 - 0x00007ff99982b000 	C:\WINDOWS\SYSTEM32\IPHLPAPI.DLL
0x00007ff99c9c0000 - 0x00007ff99c9c8000 	C:\WINDOWS\System32\NSI.dll
0x00007ff9912e0000 - 0x00007ff9912f7000 	C:\WINDOWS\SYSTEM32\dhcpcsvc6.DLL
0x00007ff991eb0000 - 0x00007ff991ecd000 	C:\WINDOWS\SYSTEM32\dhcpcsvc.DLL
0x00007ff999830000 - 0x00007ff9998fa000 	C:\WINDOWS\SYSTEM32\DNSAPI.dll
0x00007ff97c1f0000 - 0x00007ff97c207000 	C:\WINDOWS\system32\napinsp.dll
0x00007ff97c1d0000 - 0x00007ff97c1eb000 	C:\WINDOWS\system32\pnrpnsp.dll
0x00007ff97c1b0000 - 0x00007ff97c1c5000 	C:\WINDOWS\system32\wshbth.dll
0x00007ff995d30000 - 0x00007ff995d4d000 	C:\WINDOWS\system32\NLAapi.dll
0x00007ff97c190000 - 0x00007ff97c1a2000 	C:\WINDOWS\System32\winrnr.dll
0x00007ff98c2a0000 - 0x00007ff98c2aa000 	C:\Windows\System32\rasadhlp.dll
0x00007ff98dca0000 - 0x00007ff98dd22000 	C:\WINDOWS\System32\fwpuclnt.dll
0x00007ff999520000 - 0x00007ff999553000 	C:\WINDOWS\SYSTEM32\ntmarta.dll
0x00007ff995d00000 - 0x00007ff995d1e000 	C:\Users\GABRIEL VICERAIRA\AppData\Local\Temp\native-platform14439554992404415168dir\native-platform.dll
0x00007ff98d060000 - 0x00007ff98d067000 	C:\Program Files\Android\Android Studio\jbr\bin\rmi.dll
0x00007ff9841b0000 - 0x00007ff9841d7000 	C:\Program Files\Android\Android Studio\jbr\bin\sunec.dll

dbghelp: loaded successfully - version: 4.0.5 - missing functions: none
symbol engine: initialized successfully - sym options: 0x614 - pdb path: .;C:\Program Files\Android\Android Studio\jbr\bin;C:\WINDOWS\SYSTEM32;C:\WINDOWS\WinSxS\amd64_microsoft.windows.common-controls_6595b64144ccf1df_6.0.19041.1110_none_60b5254171f9507e;C:\Program Files\Android\Android Studio\jbr\bin\server;C:\Users\GABRIEL VICERAIRA\.gradle\native\e1d6ef7f7dcc3fd88c89a11ec53ec762bb8ba0a96d01ffa2cd45eb1d1d8dd5c5\windows-amd64;C:\Users\GABRIEL VICERAIRA\.gradle\native\0d407fdbe67a94daf76414ababcb853783967236a71b16ec16e742cd7a986fd3\windows-amd64;C:\Users\GABRIEL VICERAIRA\AppData\Local\Temp\native-platform14439554992404415168dir

VM Arguments:
jvm_args: --add-opens=java.base/java.util=ALL-UNNAMED --add-opens=java.base/java.lang=ALL-UNNAMED --add-opens=java.base/java.lang.invoke=ALL-UNNAMED --add-opens=java.base/java.util=ALL-UNNAMED --add-opens=java.prefs/java.util.prefs=ALL-UNNAMED --add-opens=java.prefs/java.util.prefs=ALL-UNNAMED --add-opens=java.base/java.nio.charset=ALL-UNNAMED --add-opens=java.base/java.net=ALL-UNNAMED --add-opens=java.base/java.util.concurrent.atomic=ALL-UNNAMED -Xmx2048m -Dfile.encoding=UTF-8 -Duser.country=US -Duser.language=en -Duser.variant 
java_command: org.gradle.launcher.daemon.bootstrap.GradleDaemon 7.5
java_class_path (initial): C:\Users\GABRIEL VICERAIRA\.gradle\wrapper\dists\gradle-7.5-bin\f1w0cc9nuo0eivz97x2xlu9sv\gradle-7.5\lib\gradle-launcher-7.5.jar
Launcher Type: SUN_STANDARD

[Global flags]
     intx CICompilerCount                          = 2                                         {product} {ergonomic}
     uint ConcGCThreads                            = 1                                         {product} {ergonomic}
     uint G1ConcRefinementThreads                  = 2                                         {product} {ergonomic}
   size_t G1HeapRegionSize                         = 1048576                                   {product} {ergonomic}
    uintx GCDrainStackTargetSize                   = 64                                        {product} {ergonomic}
   size_t InitialHeapSize                          = 125829120                                 {product} {ergonomic}
   size_t MarkStackSize                            = 4194304                                   {product} {ergonomic}
   size_t MaxHeapSize                              = 2147483648                                {product} {command line}
   size_t MaxNewSize                               = 1287651328                                {product} {ergonomic}
   size_t MinHeapDeltaBytes                        = 1048576                                   {product} {ergonomic}
    uintx NonNMethodCodeHeapSize                   = 5825164                                {pd product} {ergonomic}
    uintx NonProfiledCodeHeapSize                  = 122916538                              {pd product} {ergonomic}
    uintx ProfiledCodeHeapSize                     = 122916538                              {pd product} {ergonomic}
    uintx ReservedCodeCacheSize                    = 251658240                              {pd product} {ergonomic}
     bool SegmentedCodeCache                       = true                                      {product} {ergonomic}
     bool UseCompressedClassPointers               = true                                 {lp64_product} {ergonomic}
     bool UseCompressedOops                        = true                                 {lp64_product} {ergonomic}
     bool UseG1GC                                  = true                                      {product} {ergonomic}
     bool UseLargePagesIndividualAllocation        = false                                  {pd product} {ergonomic}

Logging:
Log output configuration:
 #0: stdout all=warning uptime,level,tags
 #1: stderr all=off uptime,level,tags

Environment Variables:
JAVA_HOME=C:\Program Files\Zulu\zulu-8
PATH=C:\Program Files\Zulu\zulu-8\bin\;C:\app\Fitrista\product\21c\dbhomeXE\bin;C:\WINDOWS\system32;C:\WINDOWS;C:\WINDOWS\System32\Wbem;C:\WINDOWS\System32\WindowsPowerShell\v1.0\;C:\WINDOWS\System32\OpenSSH\;C:\Program Files\dotnet\;C:\Program Files\Git\cmd;C:\xampp\php;C:\ProgramData\ComposerSetup\bin;C:\Users\GABRIEL VICERAIRA\AppData\Local\Programs\Python\Python311;C:\Program Files\swipl\bin;C:\Program Files\nodejs\;C:\Program Files\Java\jdk-17.0.2\bin;C:\ProgramData\Oracle\Java\javapath;C:\Program Files\Common Files\Oracle\Java\javapath;C:\Users\GABRIEL VICERAIRA\AppData\Local\Pub\Cache\bin;C:\gradle-8.2.1\bin;C:\Users\GABRIEL VICERAIRA\AppData\Local\Microsoft\WindowsApps;C:\Users\GABRIEL VICERAIRA\AppData\Local\Programs\Microsoft VS Code\bin;C:\Users\GABRIEL VICERAIRA\.dotnet\tools;C:\Users\GABRIEL VICERAIRA\AppData\Local\GitHubDesktop\bin;C:\Users\GABRIEL VICERAIRA\AppData\Roaming\Composer\vendor\bin;C:\src\flutter\bin;C:\Users\GABRIEL VICERAIRA\AppData\Roaming\npm;C:\Program Files\Java\jdk-17.0.2\bin;C:\Users\GABRIEL VICERAIRA\AppData\Local\Pub\Cache\bin;;C:\Program Files\JetBrains\IntelliJ IDEA Community Edition 2020.3.1\bin;
USERNAME=Fitrista
OS=Windows_NT
PROCESSOR_IDENTIFIER=AMD64 Family 21 Model 112 Stepping 0, AuthenticAMD



---------------  S Y S T E M  ---------------

OS: Windows 10 , 64 bit Build 19041 (10.0.19041.3393)
OS uptime: 0 days 2:40 hours
Hyper-V role detected

CPU:total 2 (initial active 2) (2 cores per cpu, 1 threads per core) family 21 model 112 stepping 0 microcode 0x0, cmov, cx8, fxsr, mmx, sse, sse2, sse3, ssse3, sse4.1, sse4.2, popcnt, avx, avx2, aes, clmul, mmxext, 3dnowpref, lzcnt, sse4a, tsc, tscinvbit, tscinv, bmi1, bmi2, fma

Memory: 4k page, system-wide physical 7632M (1570M free)
TotalPageFile size 15001M (AvailPageFile size 3106M)
current process WorkingSet (physical memory assigned to process): 276M, peak: 527M
current process commit charge ("private bytes"): 572M, peak: 582M

vm_info: OpenJDK 64-Bit Server VM (11.0.15+0-b2043.56-9505619) for windows-amd64 JRE (11.0.15+0-b2043.56-9505619), built on Jan 19 2023 02:48:00 by "builduser" with unknown MS VC++:1929

END.
